\BOOKMARK [1][-]{section.1}{The Problem}{}% 1
\BOOKMARK [1][-]{section.2}{The Solution - N Body Problem}{}% 2
\BOOKMARK [1][-]{section.3}{Performance and Discussion - N Body Problem}{}% 3
\BOOKMARK [2][-]{subsection.3.1}{Timings}{section.3}% 4
\BOOKMARK [2][-]{subsection.3.2}{Complexity}{section.3}% 5
\BOOKMARK [1][-]{section.4}{The Solution - Barnes Hut Algorithm}{}% 6
\BOOKMARK [2][-]{subsection.4.1}{Quadtree}{section.4}% 7
\BOOKMARK [2][-]{subsection.4.2}{Forces}{section.4}% 8
\BOOKMARK [2][-]{subsection.4.3}{Other Files}{section.4}% 9
\BOOKMARK [1][-]{section.5}{Performance and Discussion - Barnes Hut Algorithm}{}% 10
\BOOKMARK [2][-]{subsection.5.1}{Timings - Getting up to speed}{section.5}% 11
\BOOKMARK [2][-]{subsection.5.2}{Timings - Which section to focus on}{section.5}% 12
\BOOKMARK [2][-]{subsection.5.3}{Timings - Optimised}{section.5}% 13
\BOOKMARK [2][-]{subsection.5.4}{Unsuccessful Optimisations}{section.5}% 14
\BOOKMARK [2][-]{subsection.5.5}{Complexity}{section.5}% 15
\BOOKMARK [1][-]{section.6}{Optimisation - Pthreads}{}% 16
\BOOKMARK [1][-]{section.7}{Optimisation - OpenMP}{}% 17
\BOOKMARK [1][-]{section.8}{CPU Configuration}{}% 18
\BOOKMARK [2][-]{subsection.8.1}{Laptop}{section.8}% 19
\BOOKMARK [2][-]{subsection.8.2}{Fredholm}{section.8}% 20
\BOOKMARK [1][-]{section.9}{Appendix}{}% 21
